<?xml version="1.0" encoding="UTF-8"?>
<!-- Generated by org.testng.reporters.JUnitXMLReporter -->
<testsuite ignored="0" hostname="Khosuzs-MBP.lan" failures="0" tests="21" name="Regression Test Suit" time="59.276" errors="0" timestamp="2021-01-10T17:47:35 EST">
  <testcase classname="com.pageTest.Component_2_Test" name="clicToRemoveButtonTest" time="1.058"/>
  <testcase classname="com.pageTest.Component_2_Test" name="displayItemsTest" time="0.437"/>
  <testcase classname="com.pageTest.Component_2_Test" name="selectLisItemtInVisiblilityTest" time="0.804"/>
  <testcase classname="com.pageTest.Component_2_Test" name="selectListVisiblilityTest" time="0.651"/>
  <testcase classname="com.pageTest.Component_2_Test" name="pageTitleTest" time="0.02"/>
  <testcase classname="com.pageTest.Component_2_Test" name="clickToAddButtonTest" time="0.323"/>
  <testcase classname="com.pageTest.Component_1_Test" name="pageTitleTest" time="0.006"/>
  <testcase classname="com.pageTest.Component_1_Test" name="clearTheBoxTest" time="0.064"/>
  <testcase classname="com.pageTest.Component_1_Test" name="setNewValueTest" time="0.293"/>
  <testcase classname="com.pageTest.Component_1_Test" name="setNewValueTest" time="0.275"/>
  <testcase classname="com.pageTest.Component_1_Test" name="setNewValueTest" time="0.232"/>
  <testcase classname="com.pageTest.Component_1_Test" name="setNewValueTest" time="0.287"/>
  <testcase classname="com.pageTest.Component_1_Test" name="displayTitleDataTest" time="0.422"/>
  <testcase classname="com.pageTest.Component_1_Test" name="displayTitleDataTest" time="0.372"/>
  <testcase classname="com.pageTest.Component_1_Test" name="displayTitleDataTest" time="0.388"/>
  <testcase classname="com.pageTest.Component_1_Test" name="displayTitleDataTest" time="0.467"/>
  <testcase classname="com.pageTest.Component_3_Test" name="availableDataTest" time="0.102"/>
  <testcase classname="com.pageTest.Component_3_Test" name="firstRowDataTest" time="0.124"/>
  <testcase classname="com.pageTest.Component_3_Test" name="getFirstColumnDataTest" time="0.149"/>
  <testcase classname="com.pageTest.Component_3_Test" name="totalRowsAndColumnTest" time="0.094"/>
  <testcase classname="com.pageTest.Component_3_Test" name="pageTitleTest" time="0.01"/>
</testsuite> <!-- Regression Test Suit -->
