<?xml version="1.0" encoding="UTF-8"?>
<!-- Generated by org.testng.reporters.JUnitXMLReporter -->
<testsuite ignored="0" hostname="Khosuzs-MBP.lan" failures="0" tests="4" name="Test" time="10.23" errors="0" timestamp="2021-01-10T13:05:08 EST">
  <testcase classname="com.pageTest.Component_1_Test" name="pageTitleTest" time="0.028"/>
  <testcase classname="com.pageTest.Component_1_Test" name="clearTheBoxTest" time="0.056"/>
  <testcase classname="com.pageTest.Component_1_Test" name="setNewValueTest" time="0.196"/>
  <testcase classname="com.pageTest.Component_1_Test" name="displayTitleTest" time="0.403"/>
</testsuite> <!-- Test -->
