<?xml version="1.0" encoding="UTF-8"?>
<!-- Generated by org.testng.reporters.JUnitXMLReporter -->
<testsuite ignored="0" hostname="Khosuzs-MBP.lan" failures="0" tests="6" name="Command line test" time="9.778" errors="0" timestamp="2021-01-08T20:09:35 EST">
  <testcase classname="com.pageTes.Component_1_Test" name="pageTitleTest" time="0.008"/>
  <testcase classname="com.pageTes.Component_1_Test" name="clearTheBoxTest" time="0.068"/>
  <testcase classname="com.pageTes.Component_1_Test" name="setNewValueTest" time="0.29"/>
  <testcase classname="com.pageTes.Component_1_Test" name="displayTitleTest" time="0.394"/>
  <testcase classname="com.Automation.AutomationSuitOfIndex.AppTest" name="shouldAnswerWithTrue" time="0.002"/>
  <testcase classname="com.Automation.AutomationSuitOfIndex.LibraryTest" name="te" time="0.001"/>
</testsuite> <!-- Command line test -->
