<?xml version="1.0" encoding="UTF-8" ?>
<testsuite tests="6" failures="0" name="TestSuite" time="0.761" errors="0" skipped="0">
  <properties>
[...]
</properties>
  <testcase classname="com.pageTes.Component_1_Test" name="pageTitleTest" time="0.009"/>
  <testcase classname="com.pageTes.Component_1_Test" name="clearTheBoxTest" time="0.068"/>
  <testcase classname="com.pageTes.Component_1_Test" name="setNewValueTest" time="0.289"/>
  <testcase classname="com.pageTes.Component_1_Test" name="displayTitleTest" time="0.394"/>
  <testcase classname="com.Automation.AutomationSuitOfIndex.AppTest" name="shouldAnswerWithTrue" time="0.001"/>
  <testcase classname="com.Automation.AutomationSuitOfIndex.LibraryTest" name="te" time="0"/>
</testsuite>