<?xml version="1.0" encoding="UTF-8"?>
<testng-results ignored="0" total="6" passed="6" failed="0" skipped="0">
  <reporter-output>
  </reporter-output>
  <suite started-at="2021-01-08T20:09:26 EST" name="Command line suite" finished-at="2021-01-08T20:09:35 EST" duration-ms="9778">
    <groups>
      <group name="UI Functionality">
        <method signature="Component_1_Test.clearTheBoxTest()[pri:2, instance:com.pageTes.Component_1_Test@eb21112]" name="clearTheBoxTest" class="com.pageTes.Component_1_Test"/>
        <method signature="Component_1_Test.displayTitleTest()[pri:4, instance:com.pageTes.Component_1_Test@eb21112]" name="displayTitleTest" class="com.pageTes.Component_1_Test"/>
        <method signature="Component_1_Test.pageTitleTest()[pri:1, instance:com.pageTes.Component_1_Test@eb21112]" name="pageTitleTest" class="com.pageTes.Component_1_Test"/>
        <method signature="Component_1_Test.setNewValueTest()[pri:3, instance:com.pageTes.Component_1_Test@eb21112]" name="setNewValueTest" class="com.pageTes.Component_1_Test"/>
      </group> <!-- UI Functionality -->
    </groups>
    <test started-at="2021-01-08T20:09:26 EST" name="Command line test" finished-at="2021-01-08T20:09:35 EST" duration-ms="9778">
      <class name="com.Automation.AutomationSuitOfIndex.AppTest">
        <test-method signature="shouldAnswerWithTrue()[pri:0, instance:com.Automation.AutomationSuitOfIndex.AppTest@2eda0940]" started-at="2021-01-08T20:09:35 EST" name="shouldAnswerWithTrue" finished-at="2021-01-08T20:09:35 EST" duration-ms="2" status="PASS">
          <reporter-output>
          </reporter-output>
        </test-method> <!-- shouldAnswerWithTrue -->
      </class> <!-- com.Automation.AutomationSuitOfIndex.AppTest -->
      <class name="com.pageTes.Component_1_Test">
        <test-method is-config="true" signature="setUp()[pri:0, instance:com.pageTes.Component_1_Test@eb21112]" started-at="2021-01-08T20:09:26 EST" name="setUp" finished-at="2021-01-08T20:09:28 EST" duration-ms="2932" status="PASS">
          <reporter-output>
          </reporter-output>
        </test-method> <!-- setUp -->
        <test-method signature="pageTitleTest()[pri:1, instance:com.pageTes.Component_1_Test@eb21112]" started-at="2021-01-08T20:09:28 EST" name="pageTitleTest" finished-at="2021-01-08T20:09:28 EST" duration-ms="8" status="PASS">
          <reporter-output>
          </reporter-output>
        </test-method> <!-- pageTitleTest -->
        <test-method is-config="true" signature="setUp()[pri:0, instance:com.pageTes.Component_1_Test@eb21112]" started-at="2021-01-08T20:09:28 EST" name="setUp" finished-at="2021-01-08T20:09:30 EST" duration-ms="1812" status="PASS">
          <reporter-output>
          </reporter-output>
        </test-method> <!-- setUp -->
        <test-method signature="clearTheBoxTest()[pri:2, instance:com.pageTes.Component_1_Test@eb21112]" started-at="2021-01-08T20:09:30 EST" name="clearTheBoxTest" finished-at="2021-01-08T20:09:30 EST" duration-ms="68" status="PASS">
          <reporter-output>
          </reporter-output>
        </test-method> <!-- clearTheBoxTest -->
        <test-method is-config="true" signature="setUp()[pri:0, instance:com.pageTes.Component_1_Test@eb21112]" started-at="2021-01-08T20:09:30 EST" name="setUp" finished-at="2021-01-08T20:09:33 EST" duration-ms="2180" status="PASS">
          <reporter-output>
          </reporter-output>
        </test-method> <!-- setUp -->
        <test-method signature="setNewValueTest()[pri:3, instance:com.pageTes.Component_1_Test@eb21112]" started-at="2021-01-08T20:09:33 EST" name="setNewValueTest" finished-at="2021-01-08T20:09:33 EST" duration-ms="290" status="PASS">
          <reporter-output>
          </reporter-output>
        </test-method> <!-- setNewValueTest -->
        <test-method is-config="true" signature="setUp()[pri:0, instance:com.pageTes.Component_1_Test@eb21112]" started-at="2021-01-08T20:09:33 EST" name="setUp" finished-at="2021-01-08T20:09:35 EST" duration-ms="2059" status="PASS">
          <reporter-output>
          </reporter-output>
        </test-method> <!-- setUp -->
        <test-method signature="displayTitleTest()[pri:4, instance:com.pageTes.Component_1_Test@eb21112]" started-at="2021-01-08T20:09:35 EST" name="displayTitleTest" finished-at="2021-01-08T20:09:35 EST" duration-ms="394" status="PASS">
          <reporter-output>
          </reporter-output>
        </test-method> <!-- displayTitleTest -->
      </class> <!-- com.pageTes.Component_1_Test -->
      <class name="com.Automation.AutomationSuitOfIndex.LibraryTest">
        <test-method signature="te()[pri:0, instance:com.Automation.AutomationSuitOfIndex.LibraryTest@3578436e]" started-at="2021-01-08T20:09:35 EST" name="te" finished-at="2021-01-08T20:09:35 EST" duration-ms="1" status="PASS">
          <reporter-output>
          </reporter-output>
        </test-method> <!-- te -->
      </class> <!-- com.Automation.AutomationSuitOfIndex.LibraryTest -->
    </test> <!-- Command line test -->
  </suite> <!-- Command line suite -->
</testng-results>
