<?xml version="1.0" encoding="UTF-8"?>
<testng-results ignored="0" total="21" passed="21" failed="0" skipped="0">
  <reporter-output>
  </reporter-output>
  <suite started-at="2021-01-10T17:46:35 EST" name="Index Home Regression" finished-at="2021-01-10T17:47:35 EST" duration-ms="59276">
    <groups>
      <group name="UI Functionality">
        <method signature="Component_1_Test.clearTheBoxTest()[pri:2, instance:com.pageTest.Component_1_Test@6973bf95]" name="clearTheBoxTest" class="com.pageTest.Component_1_Test"/>
        <method signature="Component_1_Test.displayTitleDataTest(java.lang.String)[pri:4, instance:com.pageTest.Component_1_Test@6973bf95]" name="displayTitleDataTest" class="com.pageTest.Component_1_Test"/>
        <method signature="Component_1_Test.pageTitleTest()[pri:1, instance:com.pageTest.Component_1_Test@6973bf95]" name="pageTitleTest" class="com.pageTest.Component_1_Test"/>
        <method signature="Component_1_Test.setNewValueTest(java.lang.String)[pri:3, instance:com.pageTest.Component_1_Test@6973bf95]" name="setNewValueTest" class="com.pageTest.Component_1_Test"/>
        <method signature="Component_2_Test.clickToAddButtonTest()[pri:2, instance:com.pageTest.Component_2_Test@6ce139a4]" name="clickToAddButtonTest" class="com.pageTest.Component_2_Test"/>
        <method signature="Component_2_Test.pageTitleTest()[pri:1, instance:com.pageTest.Component_2_Test@6ce139a4]" name="pageTitleTest" class="com.pageTest.Component_2_Test"/>
        <method signature="Component_3_Test.pageTitleTest()[pri:1, instance:com.pageTest.Component_3_Test@2ddc8ecb]" name="pageTitleTest" class="com.pageTest.Component_3_Test"/>
      </group> <!-- UI Functionality -->
    </groups>
    <test started-at="2021-01-10T17:46:35 EST" name="Regression Test Suit" finished-at="2021-01-10T17:47:35 EST" duration-ms="59276">
      <class name="com.pageTest.Component_1_Test">
        <test-method is-config="true" signature="setUp()[pri:0, instance:com.pageTest.Component_1_Test@6973bf95]" started-at="2021-01-10T17:46:52 EST" name="setUp" finished-at="2021-01-10T17:46:54 EST" duration-ms="1900" status="PASS">
          <reporter-output>
          </reporter-output>
        </test-method> <!-- setUp -->
        <test-method signature="pageTitleTest()[pri:1, instance:com.pageTest.Component_1_Test@6973bf95]" started-at="2021-01-10T17:46:54 EST" name="pageTitleTest" finished-at="2021-01-10T17:46:54 EST" duration-ms="6" status="PASS">
          <reporter-output>
          </reporter-output>
        </test-method> <!-- pageTitleTest -->
        <test-method is-config="true" signature="tearDown()[pri:0, instance:com.pageTest.Component_1_Test@6973bf95]" started-at="2021-01-10T17:46:54 EST" name="tearDown" finished-at="2021-01-10T17:46:54 EST" duration-ms="138" status="PASS">
          <reporter-output>
          </reporter-output>
        </test-method> <!-- tearDown -->
        <test-method is-config="true" signature="setUp()[pri:0, instance:com.pageTest.Component_1_Test@6973bf95]" started-at="2021-01-10T17:46:54 EST" name="setUp" finished-at="2021-01-10T17:46:56 EST" duration-ms="1858" status="PASS">
          <reporter-output>
          </reporter-output>
        </test-method> <!-- setUp -->
        <test-method signature="clearTheBoxTest()[pri:2, instance:com.pageTest.Component_1_Test@6973bf95]" started-at="2021-01-10T17:46:56 EST" name="clearTheBoxTest" finished-at="2021-01-10T17:46:56 EST" duration-ms="64" status="PASS">
          <reporter-output>
          </reporter-output>
        </test-method> <!-- clearTheBoxTest -->
        <test-method is-config="true" signature="tearDown()[pri:0, instance:com.pageTest.Component_1_Test@6973bf95]" started-at="2021-01-10T17:46:56 EST" name="tearDown" finished-at="2021-01-10T17:46:57 EST" duration-ms="145" status="PASS">
          <reporter-output>
          </reporter-output>
        </test-method> <!-- tearDown -->
        <test-method is-config="true" signature="setUp()[pri:0, instance:com.pageTest.Component_1_Test@6973bf95]" started-at="2021-01-10T17:46:57 EST" name="setUp" finished-at="2021-01-10T17:46:59 EST" duration-ms="2228" status="PASS">
          <reporter-output>
          </reporter-output>
        </test-method> <!-- setUp -->
        <test-method signature="setNewValueTest(java.lang.String)[pri:3, instance:com.pageTest.Component_1_Test@6973bf95]" started-at="2021-01-10T17:46:59 EST" name="setNewValueTest" data-provider="getTestData" finished-at="2021-01-10T17:47:00 EST" duration-ms="293" status="PASS">
          <params>
            <param index="0">
              <value>
                <![CDATA[I am fine with this process]]>
              </value>
            </param>
          </params>
          <reporter-output>
          </reporter-output>
        </test-method> <!-- setNewValueTest -->
        <test-method is-config="true" signature="tearDown()[pri:0, instance:com.pageTest.Component_1_Test@6973bf95]" started-at="2021-01-10T17:47:00 EST" name="tearDown" finished-at="2021-01-10T17:47:00 EST" duration-ms="170" status="PASS">
          <reporter-output>
          </reporter-output>
        </test-method> <!-- tearDown -->
        <test-method is-config="true" signature="setUp()[pri:0, instance:com.pageTest.Component_1_Test@6973bf95]" started-at="2021-01-10T17:47:00 EST" name="setUp" finished-at="2021-01-10T17:47:02 EST" duration-ms="2080" status="PASS">
          <reporter-output>
          </reporter-output>
        </test-method> <!-- setUp -->
        <test-method signature="setNewValueTest(java.lang.String)[pri:3, instance:com.pageTest.Component_1_Test@6973bf95]" started-at="2021-01-10T17:47:02 EST" name="setNewValueTest" data-provider="getTestData" finished-at="2021-01-10T17:47:02 EST" duration-ms="275" status="PASS">
          <params>
            <param index="0">
              <value>
                <![CDATA[I able to work]]>
              </value>
            </param>
          </params>
          <reporter-output>
          </reporter-output>
        </test-method> <!-- setNewValueTest -->
        <test-method is-config="true" signature="tearDown()[pri:0, instance:com.pageTest.Component_1_Test@6973bf95]" started-at="2021-01-10T17:47:02 EST" name="tearDown" finished-at="2021-01-10T17:47:02 EST" duration-ms="141" status="PASS">
          <reporter-output>
          </reporter-output>
        </test-method> <!-- tearDown -->
        <test-method is-config="true" signature="setUp()[pri:0, instance:com.pageTest.Component_1_Test@6973bf95]" started-at="2021-01-10T17:47:02 EST" name="setUp" finished-at="2021-01-10T17:47:04 EST" duration-ms="2131" status="PASS">
          <reporter-output>
          </reporter-output>
        </test-method> <!-- setUp -->
        <test-method signature="setNewValueTest(java.lang.String)[pri:3, instance:com.pageTest.Component_1_Test@6973bf95]" started-at="2021-01-10T17:47:04 EST" name="setNewValueTest" data-provider="getTestData" finished-at="2021-01-10T17:47:05 EST" duration-ms="232" status="PASS">
          <params>
            <param index="0">
              <value>
                <![CDATA[I am Developepr]]>
              </value>
            </param>
          </params>
          <reporter-output>
          </reporter-output>
        </test-method> <!-- setNewValueTest -->
        <test-method is-config="true" signature="tearDown()[pri:0, instance:com.pageTest.Component_1_Test@6973bf95]" started-at="2021-01-10T17:47:05 EST" name="tearDown" finished-at="2021-01-10T17:47:05 EST" duration-ms="155" status="PASS">
          <reporter-output>
          </reporter-output>
        </test-method> <!-- tearDown -->
        <test-method is-config="true" signature="setUp()[pri:0, instance:com.pageTest.Component_1_Test@6973bf95]" started-at="2021-01-10T17:47:05 EST" name="setUp" finished-at="2021-01-10T17:47:07 EST" duration-ms="2137" status="PASS">
          <reporter-output>
          </reporter-output>
        </test-method> <!-- setUp -->
        <test-method signature="setNewValueTest(java.lang.String)[pri:3, instance:com.pageTest.Component_1_Test@6973bf95]" started-at="2021-01-10T17:47:07 EST" name="setNewValueTest" data-provider="getTestData" finished-at="2021-01-10T17:47:07 EST" duration-ms="287" status="PASS">
          <params>
            <param index="0">
              <value>
                <![CDATA[I am a Automation Test Engineer]]>
              </value>
            </param>
          </params>
          <reporter-output>
          </reporter-output>
        </test-method> <!-- setNewValueTest -->
        <test-method is-config="true" signature="tearDown()[pri:0, instance:com.pageTest.Component_1_Test@6973bf95]" started-at="2021-01-10T17:47:07 EST" name="tearDown" finished-at="2021-01-10T17:47:07 EST" duration-ms="118" status="PASS">
          <reporter-output>
          </reporter-output>
        </test-method> <!-- tearDown -->
        <test-method is-config="true" signature="setUp()[pri:0, instance:com.pageTest.Component_1_Test@6973bf95]" started-at="2021-01-10T17:47:07 EST" name="setUp" finished-at="2021-01-10T17:47:09 EST" duration-ms="1975" status="PASS">
          <reporter-output>
          </reporter-output>
        </test-method> <!-- setUp -->
        <test-method signature="displayTitleDataTest(java.lang.String)[pri:4, instance:com.pageTest.Component_1_Test@6973bf95]" started-at="2021-01-10T17:47:09 EST" name="displayTitleDataTest" data-provider="getTestData" finished-at="2021-01-10T17:47:10 EST" duration-ms="422" status="PASS">
          <params>
            <param index="0">
              <value>
                <![CDATA[I am fine with this process]]>
              </value>
            </param>
          </params>
          <reporter-output>
          </reporter-output>
        </test-method> <!-- displayTitleDataTest -->
        <test-method is-config="true" signature="tearDown()[pri:0, instance:com.pageTest.Component_1_Test@6973bf95]" started-at="2021-01-10T17:47:10 EST" name="tearDown" finished-at="2021-01-10T17:47:10 EST" duration-ms="160" status="PASS">
          <reporter-output>
          </reporter-output>
        </test-method> <!-- tearDown -->
        <test-method is-config="true" signature="setUp()[pri:0, instance:com.pageTest.Component_1_Test@6973bf95]" started-at="2021-01-10T17:47:10 EST" name="setUp" finished-at="2021-01-10T17:47:12 EST" duration-ms="1969" status="PASS">
          <reporter-output>
          </reporter-output>
        </test-method> <!-- setUp -->
        <test-method signature="displayTitleDataTest(java.lang.String)[pri:4, instance:com.pageTest.Component_1_Test@6973bf95]" started-at="2021-01-10T17:47:12 EST" name="displayTitleDataTest" data-provider="getTestData" finished-at="2021-01-10T17:47:12 EST" duration-ms="372" status="PASS">
          <params>
            <param index="0">
              <value>
                <![CDATA[I able to work]]>
              </value>
            </param>
          </params>
          <reporter-output>
          </reporter-output>
        </test-method> <!-- displayTitleDataTest -->
        <test-method is-config="true" signature="tearDown()[pri:0, instance:com.pageTest.Component_1_Test@6973bf95]" started-at="2021-01-10T17:47:12 EST" name="tearDown" finished-at="2021-01-10T17:47:13 EST" duration-ms="190" status="PASS">
          <reporter-output>
          </reporter-output>
        </test-method> <!-- tearDown -->
        <test-method is-config="true" signature="setUp()[pri:0, instance:com.pageTest.Component_1_Test@6973bf95]" started-at="2021-01-10T17:47:13 EST" name="setUp" finished-at="2021-01-10T17:47:14 EST" duration-ms="1910" status="PASS">
          <reporter-output>
          </reporter-output>
        </test-method> <!-- setUp -->
        <test-method signature="displayTitleDataTest(java.lang.String)[pri:4, instance:com.pageTest.Component_1_Test@6973bf95]" started-at="2021-01-10T17:47:14 EST" name="displayTitleDataTest" data-provider="getTestData" finished-at="2021-01-10T17:47:15 EST" duration-ms="388" status="PASS">
          <params>
            <param index="0">
              <value>
                <![CDATA[I am Developepr]]>
              </value>
            </param>
          </params>
          <reporter-output>
          </reporter-output>
        </test-method> <!-- displayTitleDataTest -->
        <test-method is-config="true" signature="tearDown()[pri:0, instance:com.pageTest.Component_1_Test@6973bf95]" started-at="2021-01-10T17:47:15 EST" name="tearDown" finished-at="2021-01-10T17:47:15 EST" duration-ms="197" status="PASS">
          <reporter-output>
          </reporter-output>
        </test-method> <!-- tearDown -->
        <test-method is-config="true" signature="setUp()[pri:0, instance:com.pageTest.Component_1_Test@6973bf95]" started-at="2021-01-10T17:47:15 EST" name="setUp" finished-at="2021-01-10T17:47:17 EST" duration-ms="1918" status="PASS">
          <reporter-output>
          </reporter-output>
        </test-method> <!-- setUp -->
        <test-method signature="displayTitleDataTest(java.lang.String)[pri:4, instance:com.pageTest.Component_1_Test@6973bf95]" started-at="2021-01-10T17:47:17 EST" name="displayTitleDataTest" data-provider="getTestData" finished-at="2021-01-10T17:47:17 EST" duration-ms="467" status="PASS">
          <params>
            <param index="0">
              <value>
                <![CDATA[I am a Automation Test Engineer]]>
              </value>
            </param>
          </params>
          <reporter-output>
          </reporter-output>
        </test-method> <!-- displayTitleDataTest -->
        <test-method is-config="true" signature="tearDown()[pri:0, instance:com.pageTest.Component_1_Test@6973bf95]" started-at="2021-01-10T17:47:17 EST" name="tearDown" finished-at="2021-01-10T17:47:18 EST" duration-ms="167" status="PASS">
          <reporter-output>
          </reporter-output>
        </test-method> <!-- tearDown -->
      </class> <!-- com.pageTest.Component_1_Test -->
      <class name="com.pageTest.Component_2_Test">
        <test-method is-config="true" signature="setUp()[pri:0, instance:com.pageTest.Component_2_Test@6ce139a4]" started-at="2021-01-10T17:46:35 EST" name="setUp" finished-at="2021-01-10T17:46:38 EST" duration-ms="3037" status="PASS">
          <reporter-output>
          </reporter-output>
        </test-method> <!-- setUp -->
        <test-method signature="clicToRemoveButtonTest()[pri:0, instance:com.pageTest.Component_2_Test@6ce139a4]" started-at="2021-01-10T17:46:38 EST" name="clicToRemoveButtonTest" finished-at="2021-01-10T17:46:39 EST" duration-ms="1058" status="PASS">
          <reporter-output>
          </reporter-output>
        </test-method> <!-- clicToRemoveButtonTest -->
        <test-method is-config="true" signature="tearDown()[pri:0, instance:com.pageTest.Component_2_Test@6ce139a4]" started-at="2021-01-10T17:46:39 EST" name="tearDown" finished-at="2021-01-10T17:46:40 EST" duration-ms="150" status="PASS">
          <reporter-output>
          </reporter-output>
        </test-method> <!-- tearDown -->
        <test-method is-config="true" signature="setUp()[pri:0, instance:com.pageTest.Component_2_Test@6ce139a4]" started-at="2021-01-10T17:46:40 EST" name="setUp" finished-at="2021-01-10T17:46:42 EST" duration-ms="2205" status="PASS">
          <reporter-output>
          </reporter-output>
        </test-method> <!-- setUp -->
        <test-method signature="displayItemsTest()[pri:0, instance:com.pageTest.Component_2_Test@6ce139a4]" started-at="2021-01-10T17:46:42 EST" name="displayItemsTest" finished-at="2021-01-10T17:46:42 EST" duration-ms="437" status="PASS">
          <reporter-output>
          </reporter-output>
        </test-method> <!-- displayItemsTest -->
        <test-method is-config="true" signature="tearDown()[pri:0, instance:com.pageTest.Component_2_Test@6ce139a4]" started-at="2021-01-10T17:46:42 EST" name="tearDown" finished-at="2021-01-10T17:46:42 EST" duration-ms="143" status="PASS">
          <reporter-output>
          </reporter-output>
        </test-method> <!-- tearDown -->
        <test-method is-config="true" signature="setUp()[pri:0, instance:com.pageTest.Component_2_Test@6ce139a4]" started-at="2021-01-10T17:46:42 EST" name="setUp" finished-at="2021-01-10T17:46:44 EST" duration-ms="1916" status="PASS">
          <reporter-output>
          </reporter-output>
        </test-method> <!-- setUp -->
        <test-method signature="selectLisItemtInVisiblilityTest()[pri:0, instance:com.pageTest.Component_2_Test@6ce139a4]" started-at="2021-01-10T17:46:44 EST" name="selectLisItemtInVisiblilityTest" finished-at="2021-01-10T17:46:45 EST" duration-ms="804" status="PASS">
          <reporter-output>
          </reporter-output>
        </test-method> <!-- selectLisItemtInVisiblilityTest -->
        <test-method is-config="true" signature="tearDown()[pri:0, instance:com.pageTest.Component_2_Test@6ce139a4]" started-at="2021-01-10T17:46:45 EST" name="tearDown" finished-at="2021-01-10T17:46:45 EST" duration-ms="124" status="PASS">
          <reporter-output>
          </reporter-output>
        </test-method> <!-- tearDown -->
        <test-method is-config="true" signature="setUp()[pri:0, instance:com.pageTest.Component_2_Test@6ce139a4]" started-at="2021-01-10T17:46:45 EST" name="setUp" finished-at="2021-01-10T17:46:47 EST" duration-ms="1904" status="PASS">
          <reporter-output>
          </reporter-output>
        </test-method> <!-- setUp -->
        <test-method signature="selectListVisiblilityTest()[pri:0, instance:com.pageTest.Component_2_Test@6ce139a4]" started-at="2021-01-10T17:46:47 EST" name="selectListVisiblilityTest" finished-at="2021-01-10T17:46:48 EST" duration-ms="651" status="PASS">
          <reporter-output>
          </reporter-output>
        </test-method> <!-- selectListVisiblilityTest -->
        <test-method is-config="true" signature="tearDown()[pri:0, instance:com.pageTest.Component_2_Test@6ce139a4]" started-at="2021-01-10T17:46:48 EST" name="tearDown" finished-at="2021-01-10T17:46:48 EST" duration-ms="107" status="PASS">
          <reporter-output>
          </reporter-output>
        </test-method> <!-- tearDown -->
        <test-method is-config="true" signature="setUp()[pri:0, instance:com.pageTest.Component_2_Test@6ce139a4]" started-at="2021-01-10T17:46:48 EST" name="setUp" finished-at="2021-01-10T17:46:50 EST" duration-ms="1953" status="PASS">
          <reporter-output>
          </reporter-output>
        </test-method> <!-- setUp -->
        <test-method signature="pageTitleTest()[pri:1, instance:com.pageTest.Component_2_Test@6ce139a4]" started-at="2021-01-10T17:46:50 EST" name="pageTitleTest" finished-at="2021-01-10T17:46:50 EST" duration-ms="20" status="PASS">
          <reporter-output>
          </reporter-output>
        </test-method> <!-- pageTitleTest -->
        <test-method is-config="true" signature="tearDown()[pri:0, instance:com.pageTest.Component_2_Test@6ce139a4]" started-at="2021-01-10T17:46:50 EST" name="tearDown" finished-at="2021-01-10T17:46:50 EST" duration-ms="112" status="PASS">
          <reporter-output>
          </reporter-output>
        </test-method> <!-- tearDown -->
        <test-method is-config="true" signature="setUp()[pri:0, instance:com.pageTest.Component_2_Test@6ce139a4]" started-at="2021-01-10T17:46:50 EST" name="setUp" finished-at="2021-01-10T17:46:52 EST" duration-ms="2012" status="PASS">
          <reporter-output>
          </reporter-output>
        </test-method> <!-- setUp -->
        <test-method signature="clickToAddButtonTest()[pri:2, instance:com.pageTest.Component_2_Test@6ce139a4]" started-at="2021-01-10T17:46:52 EST" name="clickToAddButtonTest" finished-at="2021-01-10T17:46:52 EST" duration-ms="323" status="PASS">
          <reporter-output>
          </reporter-output>
        </test-method> <!-- clickToAddButtonTest -->
        <test-method is-config="true" signature="tearDown()[pri:0, instance:com.pageTest.Component_2_Test@6ce139a4]" started-at="2021-01-10T17:46:52 EST" name="tearDown" finished-at="2021-01-10T17:46:52 EST" duration-ms="102" status="PASS">
          <reporter-output>
          </reporter-output>
        </test-method> <!-- tearDown -->
      </class> <!-- com.pageTest.Component_2_Test -->
      <class name="com.pageTest.Component_3_Test">
        <test-method is-config="true" signature="setUp()[pri:0, instance:com.pageTest.Component_3_Test@2ddc8ecb]" started-at="2021-01-10T17:47:18 EST" name="setUp" finished-at="2021-01-10T17:47:19 EST" duration-ms="1841" status="PASS">
          <reporter-output>
          </reporter-output>
        </test-method> <!-- setUp -->
        <test-method signature="availableDataTest()[pri:0, instance:com.pageTest.Component_3_Test@2ddc8ecb]" started-at="2021-01-10T17:47:19 EST" name="availableDataTest" finished-at="2021-01-10T17:47:20 EST" duration-ms="102" status="PASS">
          <reporter-output>
          </reporter-output>
        </test-method> <!-- availableDataTest -->
        <test-method is-config="true" signature="tearDown()[pri:0, instance:com.pageTest.Component_3_Test@2ddc8ecb]" started-at="2021-01-10T17:47:20 EST" name="tearDown" finished-at="2021-01-10T17:47:20 EST" duration-ms="141" status="PASS">
          <reporter-output>
          </reporter-output>
        </test-method> <!-- tearDown -->
        <test-method is-config="true" signature="setUp()[pri:0, instance:com.pageTest.Component_3_Test@2ddc8ecb]" started-at="2021-01-10T17:47:20 EST" name="setUp" finished-at="2021-01-10T17:47:22 EST" duration-ms="2039" status="PASS">
          <reporter-output>
          </reporter-output>
        </test-method> <!-- setUp -->
        <test-method signature="firstRowDataTest()[pri:0, instance:com.pageTest.Component_3_Test@2ddc8ecb]" started-at="2021-01-10T17:47:22 EST" name="firstRowDataTest" finished-at="2021-01-10T17:47:22 EST" duration-ms="124" status="PASS">
          <reporter-output>
          </reporter-output>
        </test-method> <!-- firstRowDataTest -->
        <test-method is-config="true" signature="tearDown()[pri:0, instance:com.pageTest.Component_3_Test@2ddc8ecb]" started-at="2021-01-10T17:47:22 EST" name="tearDown" finished-at="2021-01-10T17:47:22 EST" duration-ms="127" status="PASS">
          <reporter-output>
          </reporter-output>
        </test-method> <!-- tearDown -->
        <test-method is-config="true" signature="setUp()[pri:0, instance:com.pageTest.Component_3_Test@2ddc8ecb]" started-at="2021-01-10T17:47:22 EST" name="setUp" finished-at="2021-01-10T17:47:24 EST" duration-ms="1959" status="PASS">
          <reporter-output>
          </reporter-output>
        </test-method> <!-- setUp -->
        <test-method signature="getFirstColumnDataTest()[pri:0, instance:com.pageTest.Component_3_Test@2ddc8ecb]" started-at="2021-01-10T17:47:24 EST" name="getFirstColumnDataTest" finished-at="2021-01-10T17:47:24 EST" duration-ms="149" status="PASS">
          <reporter-output>
          </reporter-output>
        </test-method> <!-- getFirstColumnDataTest -->
        <test-method is-config="true" signature="tearDown()[pri:0, instance:com.pageTest.Component_3_Test@2ddc8ecb]" started-at="2021-01-10T17:47:24 EST" name="tearDown" finished-at="2021-01-10T17:47:24 EST" duration-ms="133" status="PASS">
          <reporter-output>
          </reporter-output>
        </test-method> <!-- tearDown -->
        <test-method is-config="true" signature="setUp()[pri:0, instance:com.pageTest.Component_3_Test@2ddc8ecb]" started-at="2021-01-10T17:47:24 EST" name="setUp" finished-at="2021-01-10T17:47:26 EST" duration-ms="2056" status="PASS">
          <reporter-output>
          </reporter-output>
        </test-method> <!-- setUp -->
        <test-method signature="totalRowsAndColumnTest()[pri:0, instance:com.pageTest.Component_3_Test@2ddc8ecb]" started-at="2021-01-10T17:47:26 EST" name="totalRowsAndColumnTest" finished-at="2021-01-10T17:47:26 EST" duration-ms="94" status="PASS">
          <reporter-output>
          </reporter-output>
        </test-method> <!-- totalRowsAndColumnTest -->
        <test-method is-config="true" signature="tearDown()[pri:0, instance:com.pageTest.Component_3_Test@2ddc8ecb]" started-at="2021-01-10T17:47:26 EST" name="tearDown" finished-at="2021-01-10T17:47:27 EST" duration-ms="144" status="PASS">
          <reporter-output>
          </reporter-output>
        </test-method> <!-- tearDown -->
        <test-method is-config="true" signature="setUp()[pri:0, instance:com.pageTest.Component_3_Test@2ddc8ecb]" started-at="2021-01-10T17:47:27 EST" name="setUp" finished-at="2021-01-10T17:47:34 EST" duration-ms="7818" status="PASS">
          <reporter-output>
          </reporter-output>
        </test-method> <!-- setUp -->
        <test-method signature="pageTitleTest()[pri:1, instance:com.pageTest.Component_3_Test@2ddc8ecb]" started-at="2021-01-10T17:47:34 EST" name="pageTitleTest" finished-at="2021-01-10T17:47:34 EST" duration-ms="10" status="PASS">
          <reporter-output>
          </reporter-output>
        </test-method> <!-- pageTitleTest -->
        <test-method is-config="true" signature="tearDown()[pri:0, instance:com.pageTest.Component_3_Test@2ddc8ecb]" started-at="2021-01-10T17:47:34 EST" name="tearDown" finished-at="2021-01-10T17:47:35 EST" duration-ms="200" status="PASS">
          <reporter-output>
          </reporter-output>
        </test-method> <!-- tearDown -->
      </class> <!-- com.pageTest.Component_3_Test -->
    </test> <!-- Regression Test Suit -->
  </suite> <!-- Index Home Regression -->
</testng-results>
