<?xml version="1.0" encoding="UTF-8"?>
<!-- Generated by org.testng.reporters.JUnitXMLReporter -->
<testsuite ignored="0" hostname="Khosuzs-MBP.lan" failures="0" tests="15" name="Complete Regression test" time="32.575" errors="0" timestamp="2021-01-10T13:16:32 EST">
  <testcase classname="com.pageTest.Component_1_Test" name="pageTitleTest" time="0.014"/>
  <testcase classname="com.pageTest.Component_1_Test" name="clearTheBoxTest" time="0.057"/>
  <testcase classname="com.pageTest.Component_1_Test" name="setNewValueTest" time="0.236"/>
  <testcase classname="com.pageTest.Component_1_Test" name="displayTitleTest" time="0.298"/>
  <testcase classname="com.pageTest.Component_2_Test" name="clicToRemoveButtonTest" time="0.874"/>
  <testcase classname="com.pageTest.Component_2_Test" name="displayItemsTest" time="0.319"/>
  <testcase classname="com.pageTest.Component_2_Test" name="selectLisItemtInVisiblilityTest" time="0.528"/>
  <testcase classname="com.pageTest.Component_2_Test" name="selectListVisiblilityTest" time="0.437"/>
  <testcase classname="com.pageTest.Component_2_Test" name="pageTitleTest" time="0.006"/>
  <testcase classname="com.pageTest.Component_2_Test" name="clickToAddButtonTest" time="0.258"/>
  <testcase classname="com.pageTest.Component_3_Test" name="availableDataTest" time="0.091"/>
  <testcase classname="com.pageTest.Component_3_Test" name="firstRowDataTest" time="0.119"/>
  <testcase classname="com.pageTest.Component_3_Test" name="getFirstColumnDataTest" time="0.108"/>
  <testcase classname="com.pageTest.Component_3_Test" name="totalRowsAndColumnTest" time="0.073"/>
  <testcase classname="com.pageTest.Component_3_Test" name="pageTitleTest" time="0.011"/>
</testsuite> <!-- Complete Regression test -->
